<?xml version="1.0" encoding="UTF-8"?>
<!-- Generated by org.testng.reporters.JUnitReportReporter -->
<testsuite hostname="LAPTOP-PNN6B6FR" failures="0" tests="1" name="Runner.TestNGTestRunner" time="20.836" errors="0" timestamp="2022-11-10T08:42:40 IST" skipped="0">
  <testcase classname="Runner.TestNGTestRunner" name="runScenario" time="20.836"/>
  <system-out/>
</testsuite> <!-- Runner.TestNGTestRunner -->
