<?xml version="1.0" encoding="UTF-8"?>
<!-- Generated by org.testng.reporters.JUnitReportReporter -->
<testsuite hostname="LAPTOP-PNN6B6FR" failures="0" tests="1" name="rahulShetty.SeleniumFramework.ErrorValidations" time="11.239" errors="0" timestamp="2022-10-04T22:55:41 IST" skipped="0">
  <testcase classname="rahulShetty.SeleniumFramework.ErrorValidations" name="submitOrder" time="11.239"/>
  <system-out/>
</testsuite> <!-- rahulShetty.SeleniumFramework.ErrorValidations -->
